This file contains any messages produced by compilers while
running configure, to aid debugging if configure makes a mistake.

It was created by libcharset configure 1.5, which was
generated by GNU Autoconf 2.71.  Invocation command line was

  $ ./configure --disable-option-checking --prefix=/usr/local --cache-file=/dev/null --srcdir=.

## --------- ##
## Platform. ##
## --------- ##

hostname = andreyonkhonovMint
uname -m = x86_64
uname -r = 6.8.0-51-generic
uname -s = Linux
uname -v = #52-Ubuntu SMP PREEMPT_DYNAMIC Thu Dec  5 13:09:44 UTC 2024

/usr/bin/uname -p = x86_64
/bin/uname -X     = unknown

/bin/arch              = x86_64
/usr/bin/arch -k       = unknown
/usr/convex/getsysinfo = unknown
/usr/bin/hostinfo      = unknown
/bin/machine           = unknown
/usr/bin/oslevel       = unknown
/bin/universe          = unknown

PATH: /usr/local/sbin/
PATH: /usr/local/bin/
PATH: /usr/sbin/
PATH: /usr/bin/
PATH: /sbin/
PATH: /bin/
PATH: /usr/games/
PATH: /usr/local/games/
PATH: /snap/bin/


## ----------- ##
## Core tests. ##
## ----------- ##

configure:2410: looking for aux files: ltmain.sh config.guess config.sub install-sh
configure:2423:  trying ./build-aux/
configure:2452:   ./build-aux/ltmain.sh found
configure:2452:   ./build-aux/config.guess found
configure:2452:   ./build-aux/config.sub found
configure:2434:   ./build-aux/install-sh found
configure:2567: checking whether make sets $(MAKE)
configure:2590: result: yes
configure:2663: checking for gcc
configure:2684: found /usr/bin/gcc
configure:2695: result: gcc
configure:3048: checking for C compiler version
configure:3057: gcc --version >&5
gcc (Ubuntu 13.3.0-6ubuntu2~24.04) 13.3.0
Copyright (C) 2023 Free Software Foundation, Inc.
This is free software; see the source for copying conditions.  There is NO
warranty; not even for MERCHANTABILITY or FITNESS FOR A PARTICULAR PURPOSE.

configure:3068: $? = 0
configure:3057: gcc -v >&5
Using built-in specs.
COLLECT_GCC=gcc
COLLECT_LTO_WRAPPER=/usr/libexec/gcc/x86_64-linux-gnu/13/lto-wrapper
OFFLOAD_TARGET_NAMES=nvptx-none:amdgcn-amdhsa
OFFLOAD_TARGET_DEFAULT=1
Target: x86_64-linux-gnu
Configured with: ../src/configure -v --with-pkgversion='Ubuntu 13.3.0-6ubuntu2~24.04' --with-bugurl=file:///usr/share/doc/gcc-13/README.Bugs --enable-languages=c,ada,c++,go,d,fortran,objc,obj-c++,m2 --prefix=/usr --with-gcc-major-version-only --program-suffix=-13 --program-prefix=x86_64-linux-gnu- --enable-shared --enable-linker-build-id --libexecdir=/usr/libexec --without-included-gettext --enable-threads=posix --libdir=/usr/lib --enable-nls --enable-bootstrap --enable-clocale=gnu --enable-libstdcxx-debug --enable-libstdcxx-time=yes --with-default-libstdcxx-abi=new --enable-libstdcxx-backtrace --enable-gnu-unique-object --disable-vtable-verify --enable-plugin --enable-default-pie --with-system-zlib --enable-libphobos-checking=release --with-target-system-zlib=auto --enable-objc-gc=auto --enable-multiarch --disable-werror --enable-cet --with-arch-32=i686 --with-abi=m64 --with-multilib-list=m32,m64,mx32 --enable-multilib --with-tune=generic --enable-offload-targets=nvptx-none=/build/gcc-13-fG75Ri/gcc-13-13.3.0/debian/tmp-nvptx/usr,amdgcn-amdhsa=/build/gcc-13-fG75Ri/gcc-13-13.3.0/debian/tmp-gcn/usr --enable-offload-defaulted --without-cuda-driver --enable-checking=release --build=x86_64-linux-gnu --host=x86_64-linux-gnu --target=x86_64-linux-gnu --with-build-config=bootstrap-lto-lean --enable-link-serialization=2
Thread model: posix
Supported LTO compression algorithms: zlib zstd
gcc version 13.3.0 (Ubuntu 13.3.0-6ubuntu2~24.04) 
... rest of stderr output deleted ...
configure:3068: $? = 0
configure:3057: gcc -V >&5
gcc: error: unrecognized command-line option '-V'
gcc: fatal error: no input files
compilation terminated.
configure:3068: $? = 1
configure:3057: gcc -qversion >&5
gcc: error: unrecognized command-line option '-qversion'; did you mean '--version'?
gcc: fatal error: no input files
compilation terminated.
configure:3068: $? = 1
configure:3057: gcc -version >&5
gcc: error: unrecognized command-line option '-version'
gcc: fatal error: no input files
compilation terminated.
configure:3068: $? = 1
configure:3088: checking whether the C compiler works
configure:3110: gcc    conftest.c  >&5
configure:3114: $? = 0
configure:3164: result: yes
configure:3167: checking for C compiler default output file name
configure:3169: result: a.out
configure:3175: checking for suffix of executables
configure:3182: gcc -o conftest    conftest.c  >&5
configure:3186: $? = 0
configure:3209: result: 
configure:3231: checking whether we are cross compiling
configure:3239: gcc -o conftest    conftest.c  >&5
configure:3243: $? = 0
configure:3250: ./conftest
configure:3254: $? = 0
configure:3269: result: no
configure:3274: checking for suffix of object files
configure:3297: gcc -c   conftest.c >&5
configure:3301: $? = 0
configure:3323: result: o
configure:3327: checking whether the compiler supports GNU C
configure:3347: gcc -c   conftest.c >&5
configure:3347: $? = 0
configure:3357: result: yes
configure:3368: checking whether gcc accepts -g
configure:3389: gcc -c -g  conftest.c >&5
configure:3389: $? = 0
configure:3433: result: yes
configure:3453: checking for gcc option to enable C11 features
configure:3468: gcc  -c -g -O2  conftest.c >&5
configure:3468: $? = 0
configure:3486: result: none needed
configure:3601: checking how to run the C preprocessor
configure:3627: gcc -E  conftest.c
configure:3627: $? = 0
configure:3642: gcc -E  conftest.c
conftest.c:9:10: fatal error: ac_nonexistent.h: No such file or directory
    9 | #include <ac_nonexistent.h>
      |          ^~~~~~~~~~~~~~~~~~
compilation terminated.
configure:3642: $? = 1
configure: failed program was:
| /* confdefs.h */
| #define PACKAGE_NAME "libcharset"
| #define PACKAGE_TARNAME "libcharset"
| #define PACKAGE_VERSION "1.5"
| #define PACKAGE_STRING "libcharset 1.5"
| #define PACKAGE_BUGREPORT ""
| #define PACKAGE_URL ""
| /* end confdefs.h.  */
| #include <ac_nonexistent.h>
configure:3669: result: gcc -E
configure:3683: gcc -E  conftest.c
configure:3683: $? = 0
configure:3698: gcc -E  conftest.c
conftest.c:9:10: fatal error: ac_nonexistent.h: No such file or directory
    9 | #include <ac_nonexistent.h>
      |          ^~~~~~~~~~~~~~~~~~
compilation terminated.
configure:3698: $? = 1
configure: failed program was:
| /* confdefs.h */
| #define PACKAGE_NAME "libcharset"
| #define PACKAGE_TARNAME "libcharset"
| #define PACKAGE_VERSION "1.5"
| #define PACKAGE_STRING "libcharset 1.5"
| #define PACKAGE_BUGREPORT ""
| #define PACKAGE_URL ""
| /* end confdefs.h.  */
| #include <ac_nonexistent.h>
configure:3744: checking for a BSD-compatible install
configure:3817: result: /usr/bin/install -c
configure:3836: checking build system type
configure:3851: result: x86_64-pc-linux-gnu
configure:3871: checking host system type
configure:3885: result: x86_64-pc-linux-gnu
configure:3914: checking for stdio.h
configure:3914: gcc -c -g -O2  conftest.c >&5
configure:3914: $? = 0
configure:3914: result: yes
configure:3914: checking for stdlib.h
configure:3914: gcc -c -g -O2  conftest.c >&5
configure:3914: $? = 0
configure:3914: result: yes
configure:3914: checking for string.h
configure:3914: gcc -c -g -O2  conftest.c >&5
configure:3914: $? = 0
configure:3914: result: yes
configure:3914: checking for inttypes.h
configure:3914: gcc -c -g -O2  conftest.c >&5
configure:3914: $? = 0
configure:3914: result: yes
configure:3914: checking for stdint.h
configure:3914: gcc -c -g -O2  conftest.c >&5
configure:3914: $? = 0
configure:3914: result: yes
configure:3914: checking for strings.h
configure:3914: gcc -c -g -O2  conftest.c >&5
configure:3914: $? = 0
configure:3914: result: yes
configure:3914: checking for sys/stat.h
configure:3914: gcc -c -g -O2  conftest.c >&5
configure:3914: $? = 0
configure:3914: result: yes
configure:3914: checking for sys/types.h
configure:3914: gcc -c -g -O2  conftest.c >&5
configure:3914: $? = 0
configure:3914: result: yes
configure:3914: checking for unistd.h
configure:3914: gcc -c -g -O2  conftest.c >&5
configure:3914: $? = 0
configure:3914: result: yes
configure:3914: checking for wchar.h
configure:3914: gcc -c -g -O2  conftest.c >&5
configure:3914: $? = 0
configure:3914: result: yes
configure:3914: checking for minix/config.h
configure:3914: gcc -c -g -O2  conftest.c >&5
conftest.c:47:10: fatal error: minix/config.h: No such file or directory
   47 | #include <minix/config.h>
      |          ^~~~~~~~~~~~~~~~
compilation terminated.
configure:3914: $? = 1
configure: failed program was:
| /* confdefs.h */
| #define PACKAGE_NAME "libcharset"
| #define PACKAGE_TARNAME "libcharset"
| #define PACKAGE_VERSION "1.5"
| #define PACKAGE_STRING "libcharset 1.5"
| #define PACKAGE_BUGREPORT ""
| #define PACKAGE_URL ""
| #define HAVE_STDIO_H 1
| #define HAVE_STDLIB_H 1
| #define HAVE_STRING_H 1
| #define HAVE_INTTYPES_H 1
| #define HAVE_STDINT_H 1
| #define HAVE_STRINGS_H 1
| #define HAVE_SYS_STAT_H 1
| #define HAVE_SYS_TYPES_H 1
| #define HAVE_UNISTD_H 1
| #define HAVE_WCHAR_H 1
| /* end confdefs.h.  */
| #include <stddef.h>
| #ifdef HAVE_STDIO_H
| # include <stdio.h>
| #endif
| #ifdef HAVE_STDLIB_H
| # include <stdlib.h>
| #endif
| #ifdef HAVE_STRING_H
| # include <string.h>
| #endif
| #ifdef HAVE_INTTYPES_H
| # include <inttypes.h>
| #endif
| #ifdef HAVE_STDINT_H
| # include <stdint.h>
| #endif
| #ifdef HAVE_STRINGS_H
| # include <strings.h>
| #endif
| #ifdef HAVE_SYS_TYPES_H
| # include <sys/types.h>
| #endif
| #ifdef HAVE_SYS_STAT_H
| # include <sys/stat.h>
| #endif
| #ifdef HAVE_UNISTD_H
| # include <unistd.h>
| #endif
| #include <minix/config.h>
configure:3914: result: no
configure:3945: checking whether it is safe to define __EXTENSIONS__
configure:3964: gcc -c -g -O2  conftest.c >&5
configure:3964: $? = 0
configure:3972: result: yes
configure:3975: checking whether _XOPEN_SOURCE should be defined
configure:3997: gcc -c -g -O2  conftest.c >&5
configure:3997: $? = 0
configure:4024: result: no
configure:4134: checking how to print strings
configure:4161: result: printf
configure:4182: checking for a sed that does not truncate output
configure:4252: result: /usr/bin/sed
configure:4270: checking for grep that handles long lines and -e
configure:4334: result: /usr/bin/grep
configure:4339: checking for egrep
configure:4407: result: /usr/bin/grep -E
configure:4412: checking for fgrep
configure:4480: result: /usr/bin/grep -F
configure:4516: checking for ld used by gcc
configure:4584: result: /usr/bin/ld
configure:4591: checking if the linker (/usr/bin/ld) is GNU ld
configure:4607: result: yes
configure:4619: checking for BSD- or MS-compatible name lister (nm)
configure:4674: result: /usr/bin/nm -B
configure:4814: checking the name lister (/usr/bin/nm -B) interface
configure:4822: gcc -c -g -O2  conftest.c >&5
configure:4825: /usr/bin/nm -B "conftest.o"
configure:4828: output
0000000000000000 B some_variable
configure:4835: result: BSD nm
configure:4838: checking whether ln -s works
configure:4842: result: yes
configure:4850: checking the maximum length of command line arguments
configure:4982: result: 1572864
configure:5030: checking how to convert x86_64-pc-linux-gnu file names to x86_64-pc-linux-gnu format
configure:5071: result: func_convert_file_noop
configure:5078: checking how to convert x86_64-pc-linux-gnu file names to toolchain format
configure:5099: result: func_convert_file_noop
configure:5106: checking for /usr/bin/ld option to reload object files
configure:5114: result: -r
configure:5193: checking for file
configure:5214: found /usr/bin/file
configure:5225: result: file
configure:5301: checking for objdump
configure:5322: found /usr/bin/objdump
configure:5333: result: objdump
configure:5362: checking how to recognize dependent libraries
configure:5563: result: pass_all
configure:5653: checking for dlltool
configure:5688: result: no
configure:5715: checking how to associate runtime and link libraries
configure:5743: result: printf %s\n
configure:5808: checking for ar
configure:5829: found /usr/bin/ar
configure:5840: result: ar
configure:5893: checking for archiver @FILE support
configure:5911: gcc -c -g -O2  conftest.c >&5
configure:5911: $? = 0
configure:5915: ar cr libconftest.a @conftest.lst >&5
configure:5918: $? = 0
configure:5923: ar cr libconftest.a @conftest.lst >&5
ar: conftest.o: No such file or directory
configure:5926: $? = 1
configure:5938: result: @
configure:6001: checking for strip
configure:6022: found /usr/bin/strip
configure:6033: result: strip
configure:6110: checking for ranlib
configure:6131: found /usr/bin/ranlib
configure:6142: result: ranlib
configure:6219: checking for gawk
configure:6254: result: no
configure:6219: checking for mawk
configure:6240: found /usr/bin/mawk
configure:6251: result: mawk
configure:6291: checking command to parse /usr/bin/nm -B output from gcc object
configure:6445: gcc -c -g -O2  conftest.c >&5
configure:6448: $? = 0
configure:6452: /usr/bin/nm -B conftest.o \| /usr/bin/sed -n -e 's/^.*[ ]\([ABCDGIRSTW][ABCDGIRSTW]*\)[ ][ ]*\([_A-Za-z][_A-Za-z0-9]*\)$/\1 \2 \2/p' | /usr/bin/sed '/ __gnu_lto/d' \> conftest.nm
configure:6455: $? = 0
configure:6521: gcc -o conftest -g -O2   conftest.c conftstm.o >&5
configure:6524: $? = 0
configure:6562: result: ok
configure:6609: checking for sysroot
configure:6640: result: no
configure:6647: checking for a working dd
configure:6691: result: /usr/bin/dd
configure:6695: checking how to truncate binary pipes
configure:6711: result: /usr/bin/dd bs=4096 count=1
configure:6848: gcc -c -g -O2  conftest.c >&5
configure:6851: $? = 0
configure:7048: checking for mt
configure:7069: found /usr/bin/mt
configure:7080: result: mt
configure:7103: checking if mt is a manifest tool
configure:7110: mt '-?'
configure:7118: result: no
configure:7839: checking for dlfcn.h
configure:7839: gcc -c -g -O2  conftest.c >&5
configure:7839: $? = 0
configure:7839: result: yes
configure:8426: checking for objdir
configure:8442: result: .libs
configure:8706: checking if gcc supports -fno-rtti -fno-exceptions
configure:8725: gcc -c -g -O2  -fno-rtti -fno-exceptions conftest.c >&5
cc1: warning: command-line option '-fno-rtti' is valid for C++/D/ObjC++ but not for C
configure:8729: $? = 0
configure:8742: result: no
configure:9100: checking for gcc option to produce PIC
configure:9108: result: -fPIC -DPIC
configure:9116: checking if gcc PIC flag -fPIC -DPIC works
configure:9135: gcc -c -g -O2  -fPIC -DPIC -DPIC conftest.c >&5
configure:9139: $? = 0
configure:9152: result: yes
configure:9181: checking if gcc static flag -static works
configure:9210: result: yes
configure:9225: checking if gcc supports -c -o file.o
configure:9247: gcc -c -g -O2  -o out/conftest2.o conftest.c >&5
configure:9251: $? = 0
configure:9273: result: yes
configure:9281: checking if gcc supports -c -o file.o
configure:9329: result: yes
configure:9362: checking whether the gcc linker (/usr/bin/ld -m elf_x86_64) supports shared libraries
configure:10630: result: yes
configure:10667: checking whether -lc should be explicitly linked in
configure:10676: gcc -c -g -O2  conftest.c >&5
configure:10679: $? = 0
configure:10694: gcc -shared  -fPIC -DPIC conftest.o  -v -Wl,-soname -Wl,conftest -o conftest 2\>\&1 \| /usr/bin/grep  -lc  \>/dev/null 2\>\&1
configure:10697: $? = 0
configure:10711: result: no
configure:10871: checking dynamic linker characteristics
configure:11453: gcc -o conftest -g -O2   -Wl,-rpath -Wl,/foo conftest.c  >&5
configure:11453: $? = 0
configure:11692: result: GNU/Linux ld.so
configure:11814: checking how to hardcode library paths into programs
configure:11839: result: immediate
configure:12391: checking whether stripping libraries is possible
configure:12400: result: yes
configure:12442: checking if libtool supports shared libraries
configure:12444: result: yes
configure:12447: checking whether to build shared libraries
configure:12472: result: yes
configure:12475: checking whether to build static libraries
configure:12479: result: yes
configure:12540: checking for ld
configure:12671: result: /usr/bin/ld -m elf_x86_64
configure:12678: checking if the linker (/usr/bin/ld -m elf_x86_64) is GNU ld
configure:12694: result: yes
configure:12700: checking for shared library path variable
configure:12714: result: LD_LIBRARY_PATH
configure:12719: checking whether to activate relocatable installation
configure:12735: result: no
configure:12895: checking whether the -Werror option is usable
configure:12914: gcc -c -g -O2 -Werror  conftest.c >&5
configure:12914: $? = 0
configure:12924: result: yes
configure:12926: checking for simple visibility declarations
configure:12958: gcc -c -g -O2 -fvisibility=hidden -Werror  conftest.c >&5
configure:12958: $? = 0
configure:12968: result: yes
configure:12984: checking for nl_langinfo and CODESET
configure:13001: gcc -o conftest -g -O2   conftest.c  >&5
configure:13001: $? = 0
configure:13011: result: yes
configure:13023: checking for symlink
configure:13023: gcc -o conftest -g -O2   conftest.c  >&5
configure:13023: $? = 0
configure:13023: result: yes
configure:13037: checking for working fcntl.h
configure:13148: gcc -o conftest -g -O2   conftest.c  >&5
conftest.c:52:26: error: expected ';' before 'static'
   52 |            GL_MDA_DEFINES
      |                          ^
      |                          ;
......
   59 |            static int const constants[] =
      |            ~~~~~~         
configure:13148: $? = 1
configure: program exited with status 1
configure: failed program was:
| /* confdefs.h */
| #define PACKAGE_NAME "libcharset"
| #define PACKAGE_TARNAME "libcharset"
| #define PACKAGE_VERSION "1.5"
| #define PACKAGE_STRING "libcharset 1.5"
| #define PACKAGE_BUGREPORT ""
| #define PACKAGE_URL ""
| #define HAVE_STDIO_H 1
| #define HAVE_STDLIB_H 1
| #define HAVE_STRING_H 1
| #define HAVE_INTTYPES_H 1
| #define HAVE_STDINT_H 1
| #define HAVE_STRINGS_H 1
| #define HAVE_SYS_STAT_H 1
| #define HAVE_SYS_TYPES_H 1
| #define HAVE_UNISTD_H 1
| #define HAVE_WCHAR_H 1
| #define STDC_HEADERS 1
| #define _ALL_SOURCE 1
| #define _DARWIN_C_SOURCE 1
| #define _GNU_SOURCE 1
| #define _HPUX_ALT_XOPEN_SOCKET_API 1
| #define _NETBSD_SOURCE 1
| #define _OPENBSD_SOURCE 1
| #define _POSIX_PTHREAD_SEMANTICS 1
| #define __STDC_WANT_IEC_60559_ATTRIBS_EXT__ 1
| #define __STDC_WANT_IEC_60559_BFP_EXT__ 1
| #define __STDC_WANT_IEC_60559_DFP_EXT__ 1
| #define __STDC_WANT_IEC_60559_FUNCS_EXT__ 1
| #define __STDC_WANT_IEC_60559_TYPES_EXT__ 1
| #define __STDC_WANT_LIB_EXT2__ 1
| #define __STDC_WANT_MATH_SPEC_FUNCS__ 1
| #define _TANDEM_SOURCE 1
| #define __EXTENSIONS__ 1
| #define HAVE_DLFCN_H 1
| #define LT_OBJDIR ".libs/"
| #define INSTALLPREFIX "/usr/local"
| #define HAVE_VISIBILITY 1
| #define HAVE_LANGINFO_CODESET 1
| #define HAVE_SYMLINK 1
| /* end confdefs.h.  */
| #include <sys/types.h>
|            #include <sys/stat.h>
|            #if HAVE_UNISTD_H
|            # include <unistd.h>
|            #else /* on Windows with MSVC */
|            # include <io.h>
|            # include <stdlib.h>
|            # defined sleep(n) _sleep ((n) * 1000)
|            #endif
|            #include <fcntl.h>
|            GL_MDA_DEFINES
|            #ifndef O_NOATIME
|             #define O_NOATIME 0
|            #endif
|            #ifndef O_NOFOLLOW
|             #define O_NOFOLLOW 0
|            #endif
|            static int const constants[] =
|             {
|               O_CREAT, O_EXCL, O_NOCTTY, O_TRUNC, O_APPEND,
|               O_NONBLOCK, O_SYNC, O_ACCMODE, O_RDONLY, O_RDWR, O_WRONLY
|             };
| 
| int
| main (void)
| {
| 
|             int result = !constants;
|             #if HAVE_SYMLINK
|             {
|               static char const sym[] = "conftest.sym";
|               if (symlink ("/dev/null", sym) != 0)
|                 result |= 2;
|               else
|                 {
|                   int fd = open (sym, O_WRONLY | O_NOFOLLOW | O_CREAT, 0);
|                   if (fd >= 0)
|                     {
|                       close (fd);
|                       result |= 4;
|                     }
|                 }
|               if (unlink (sym) != 0 || symlink (".", sym) != 0)
|                 result |= 2;
|               else
|                 {
|                   int fd = open (sym, O_RDONLY | O_NOFOLLOW);
|                   if (fd >= 0)
|                     {
|                       close (fd);
|                       result |= 4;
|                     }
|                 }
|               unlink (sym);
|             }
|             #endif
|             {
|               static char const file[] = "confdefs.h";
|               int fd = open (file, O_RDONLY | O_NOATIME);
|               if (fd < 0)
|                 result |= 8;
|               else
|                 {
|                   struct stat st0;
|                   if (fstat (fd, &st0) != 0)
|                     result |= 16;
|                   else
|                     {
|                       char c;
|                       sleep (1);
|                       if (read (fd, &c, 1) != 1)
|                         result |= 24;
|                       else
|                         {
|                           if (close (fd) != 0)
|                             result |= 32;
|                           else
|                             {
|                               struct stat st1;
|                               if (stat (file, &st1) != 0)
|                                 result |= 40;
|                               else
|                                 if (st0.st_atime != st1.st_atime)
|                                   result |= 64;
|                             }
|                         }
|                     }
|                 }
|             }
|             return result;
|   ;
|   return 0;
| }
configure:13165: result: no
configure:13184: checking for setlocale
configure:13184: gcc -o conftest -g -O2   conftest.c  >&5
configure:13184: $? = 0
configure:13184: result: yes
configure:13318: creating ./config.status

## ---------------------- ##
## Running config.status. ##
## ---------------------- ##

This file was extended by libcharset config.status 1.5, which was
generated by GNU Autoconf 2.71.  Invocation command line was

  CONFIG_FILES    = 
  CONFIG_HEADERS  = 
  CONFIG_LINKS    = 
  CONFIG_COMMANDS = 
  $ ./config.status 

on andreyonkhonovMint

config.status:1087: creating Makefile
config.status:1087: creating lib/Makefile
config.status:1087: creating include/libcharset.h
config.status:1087: creating include/libcharset.h.inst
config.status:1087: creating include/localcharset.h
config.status:1087: creating include/localcharset.h.inst
config.status:1087: creating config.h
config.status:1276: executing libtool commands

## ---------------- ##
## Cache variables. ##
## ---------------- ##

ac_cv_build=x86_64-pc-linux-gnu
ac_cv_c_compiler_gnu=yes
ac_cv_env_CC_set=
ac_cv_env_CC_value=
ac_cv_env_CFLAGS_set=
ac_cv_env_CFLAGS_value=
ac_cv_env_CPPFLAGS_set=
ac_cv_env_CPPFLAGS_value=
ac_cv_env_CPP_set=
ac_cv_env_CPP_value=
ac_cv_env_LDFLAGS_set=
ac_cv_env_LDFLAGS_value=
ac_cv_env_LIBS_set=
ac_cv_env_LIBS_value=
ac_cv_env_LT_SYS_LIBRARY_PATH_set=
ac_cv_env_LT_SYS_LIBRARY_PATH_value=
ac_cv_env_build_alias_set=
ac_cv_env_build_alias_value=
ac_cv_env_host_alias_set=
ac_cv_env_host_alias_value=
ac_cv_env_target_alias_set=
ac_cv_env_target_alias_value=
ac_cv_func_setlocale=yes
ac_cv_func_symlink=yes
ac_cv_header_dlfcn_h=yes
ac_cv_header_inttypes_h=yes
ac_cv_header_minix_config_h=no
ac_cv_header_stdint_h=yes
ac_cv_header_stdio_h=yes
ac_cv_header_stdlib_h=yes
ac_cv_header_string_h=yes
ac_cv_header_strings_h=yes
ac_cv_header_sys_stat_h=yes
ac_cv_header_sys_types_h=yes
ac_cv_header_unistd_h=yes
ac_cv_header_wchar_h=yes
ac_cv_host=x86_64-pc-linux-gnu
ac_cv_objext=o
ac_cv_path_EGREP='/usr/bin/grep -E'
ac_cv_path_FGREP='/usr/bin/grep -F'
ac_cv_path_GREP=/usr/bin/grep
ac_cv_path_SED=/usr/bin/sed
ac_cv_path_install='/usr/bin/install -c'
ac_cv_path_lt_DD=/usr/bin/dd
ac_cv_prog_AWK=mawk
ac_cv_prog_CPP='gcc -E'
ac_cv_prog_ac_ct_AR=ar
ac_cv_prog_ac_ct_CC=gcc
ac_cv_prog_ac_ct_FILECMD=file
ac_cv_prog_ac_ct_MANIFEST_TOOL=mt
ac_cv_prog_ac_ct_OBJDUMP=objdump
ac_cv_prog_ac_ct_RANLIB=ranlib
ac_cv_prog_ac_ct_STRIP=strip
ac_cv_prog_cc_c11=
ac_cv_prog_cc_g=yes
ac_cv_prog_cc_stdc=
ac_cv_prog_make_make_set=yes
ac_cv_safe_to_define___extensions__=yes
ac_cv_should_define__xopen_source=no
acl_cv_libpath=LD_LIBRARY_PATH
acl_cv_prog_gnu_ld=yes
acl_cv_shlibpath_var=LD_LIBRARY_PATH
am_cv_langinfo_codeset=yes
gl_cv_cc_vis_werror=yes
gl_cv_cc_visibility=yes
gl_cv_header_working_fcntl_h=no
lt_cv_ar_at_file=@
lt_cv_archive_cmds_need_lc=no
lt_cv_deplibs_check_method=pass_all
lt_cv_file_magic_cmd='$MAGIC_CMD'
lt_cv_file_magic_test_file=
lt_cv_ld_reload_flag=-r
lt_cv_nm_interface='BSD nm'
lt_cv_objdir=.libs
lt_cv_path_LD=/usr/bin/ld
lt_cv_path_NM='/usr/bin/nm -B'
lt_cv_path_mainfest_tool=no
lt_cv_prog_compiler_c_o=yes
lt_cv_prog_compiler_pic='-fPIC -DPIC'
lt_cv_prog_compiler_pic_works=yes
lt_cv_prog_compiler_rtti_exceptions=no
lt_cv_prog_compiler_static_works=yes
lt_cv_prog_gnu_ld=yes
lt_cv_sharedlib_from_linklib_cmd='printf %s\n'
lt_cv_shlibpath_overrides_runpath=yes
lt_cv_sys_global_symbol_pipe='/usr/bin/sed -n -e '\''s/^.*[	 ]\([ABCDGIRSTW][ABCDGIRSTW]*\)[	 ][	 ]*\([_A-Za-z][_A-Za-z0-9]*\)$/\1 \2 \2/p'\'' | /usr/bin/sed '\''/ __gnu_lto/d'\'''
lt_cv_sys_global_symbol_to_c_name_address='/usr/bin/sed -n -e '\''s/^: \(.*\) .*$/  {"\1", (void *) 0},/p'\'' -e '\''s/^[ABCDGIRSTW][ABCDGIRSTW]* .* \(.*\)$/  {"\1", (void *) \&\1},/p'\'''
lt_cv_sys_global_symbol_to_c_name_address_lib_prefix='/usr/bin/sed -n -e '\''s/^: \(.*\) .*$/  {"\1", (void *) 0},/p'\'' -e '\''s/^[ABCDGIRSTW][ABCDGIRSTW]* .* \(lib.*\)$/  {"\1", (void *) \&\1},/p'\'' -e '\''s/^[ABCDGIRSTW][ABCDGIRSTW]* .* \(.*\)$/  {"lib\1", (void *) \&\1},/p'\'''
lt_cv_sys_global_symbol_to_cdecl='/usr/bin/sed -n -e '\''s/^T .* \(.*\)$/extern int \1();/p'\'' -e '\''s/^[ABCDGIRSTW][ABCDGIRSTW]* .* \(.*\)$/extern char \1;/p'\'''
lt_cv_sys_global_symbol_to_import=
lt_cv_sys_max_cmd_len=1572864
lt_cv_to_host_file_cmd=func_convert_file_noop
lt_cv_to_tool_file_cmd=func_convert_file_noop
lt_cv_truncate_bin='/usr/bin/dd bs=4096 count=1'

## ----------------- ##
## Output variables. ##
## ----------------- ##

AR='ar'
AS='as'
AWK='mawk'
CC='gcc'
CFLAGS='-g -O2'
CFLAG_VISIBILITY='-fvisibility=hidden'
CPP='gcc -E'
CPPFLAGS=''
DEFS='-DHAVE_CONFIG_H'
DLLTOOL='false'
DSYMUTIL=''
DUMPBIN=''
ECHO_C=''
ECHO_N='-n'
ECHO_T=''
EGREP='/usr/bin/grep -E'
EXEEXT=''
FGREP='/usr/bin/grep -F'
FILECMD='file'
GREP='/usr/bin/grep'
HAVE_VISIBILITY='1'
INSTALL_DATA='${INSTALL} -m 644'
INSTALL_PROGRAM='${INSTALL}'
INSTALL_PROGRAM_ENV=''
INSTALL_SCRIPT='${INSTALL}'
LD='/usr/bin/ld -m elf_x86_64'
LDFLAGS=''
LIBOBJS=''
LIBS=''
LIBTOOL='/bin/bash $(top_builddir)/libtool'
LIPO=''
LN_S='ln -s'
LTLIBOBJS=''
LT_SYS_LIBRARY_PATH=''
MANIFEST_TOOL=':'
NM='/usr/bin/nm -B'
NMEDIT=''
OBJDUMP='objdump'
OBJEXT='o'
OTOOL64=''
OTOOL=''
PACKAGE_BUGREPORT=''
PACKAGE_NAME='libcharset'
PACKAGE_STRING='libcharset 1.5'
PACKAGE_TARNAME='libcharset'
PACKAGE_URL=''
PACKAGE_VERSION='1.5'
PATH_SEPARATOR=':'
RANLIB='ranlib'
RELOCATABLE='no'
RELOCATABLE_BUILD_DIR='$(top_builddir)/'
RELOCATABLE_CONFIG_H_DIR='$(top_builddir)'
RELOCATABLE_LDFLAGS=''
RELOCATABLE_LIBRARY_PATH=''
RELOCATABLE_SRC_DIR='$(top_srcdir)/'
RELOCATABLE_STRIP=':'
RELOCATABLE_VIA_LD_FALSE=''
RELOCATABLE_VIA_LD_TRUE='#'
RELOCATABLE_VIA_WRAPPER_FALSE=''
RELOCATABLE_VIA_WRAPPER_TRUE='#'
SED='/usr/bin/sed'
SET_MAKE=''
SHELL='/bin/bash'
STRIP='strip'
ac_ct_AR='ar'
ac_ct_CC='gcc'
ac_ct_DUMPBIN=''
bindir='${exec_prefix}/bin'
build='x86_64-pc-linux-gnu'
build_alias=''
build_cpu='x86_64'
build_os='linux-gnu'
build_vendor='pc'
datadir='${datarootdir}'
datarootdir='${prefix}/share'
docdir='${datarootdir}/doc/${PACKAGE_TARNAME}'
dvidir='${docdir}'
exec_prefix='${prefix}'
host='x86_64-pc-linux-gnu'
host_alias=''
host_cpu='x86_64'
host_os='linux-gnu'
host_vendor='pc'
htmldir='${docdir}'
includedir='${prefix}/include'
infodir='${datarootdir}/info'
libdir='${exec_prefix}/lib'
libexecdir='${exec_prefix}/libexec'
localedir='${datarootdir}/locale'
localstatedir='${prefix}/var'
mandir='${datarootdir}/man'
oldincludedir='/usr/include'
pdfdir='${docdir}'
prefix='/usr/local'
program_transform_name='s,x,x,'
psdir='${docdir}'
runstatedir='${localstatedir}/run'
sbindir='${exec_prefix}/sbin'
sharedstatedir='${prefix}/com'
sysconfdir='${prefix}/etc'
target_alias=''

## ----------- ##
## confdefs.h. ##
## ----------- ##

/* confdefs.h */
#define PACKAGE_NAME "libcharset"
#define PACKAGE_TARNAME "libcharset"
#define PACKAGE_VERSION "1.5"
#define PACKAGE_STRING "libcharset 1.5"
#define PACKAGE_BUGREPORT ""
#define PACKAGE_URL ""
#define HAVE_STDIO_H 1
#define HAVE_STDLIB_H 1
#define HAVE_STRING_H 1
#define HAVE_INTTYPES_H 1
#define HAVE_STDINT_H 1
#define HAVE_STRINGS_H 1
#define HAVE_SYS_STAT_H 1
#define HAVE_SYS_TYPES_H 1
#define HAVE_UNISTD_H 1
#define HAVE_WCHAR_H 1
#define STDC_HEADERS 1
#define _ALL_SOURCE 1
#define _DARWIN_C_SOURCE 1
#define _GNU_SOURCE 1
#define _HPUX_ALT_XOPEN_SOCKET_API 1
#define _NETBSD_SOURCE 1
#define _OPENBSD_SOURCE 1
#define _POSIX_PTHREAD_SEMANTICS 1
#define __STDC_WANT_IEC_60559_ATTRIBS_EXT__ 1
#define __STDC_WANT_IEC_60559_BFP_EXT__ 1
#define __STDC_WANT_IEC_60559_DFP_EXT__ 1
#define __STDC_WANT_IEC_60559_FUNCS_EXT__ 1
#define __STDC_WANT_IEC_60559_TYPES_EXT__ 1
#define __STDC_WANT_LIB_EXT2__ 1
#define __STDC_WANT_MATH_SPEC_FUNCS__ 1
#define _TANDEM_SOURCE 1
#define __EXTENSIONS__ 1
#define HAVE_DLFCN_H 1
#define LT_OBJDIR ".libs/"
#define INSTALLPREFIX "/usr/local"
#define HAVE_VISIBILITY 1
#define HAVE_LANGINFO_CODESET 1
#define HAVE_SYMLINK 1
#define HAVE_WORKING_O_NOATIME 0
#define HAVE_WORKING_O_NOFOLLOW 0
#define HAVE_SETLOCALE 1

configure: exit 0
